<?xml version="1.0" encoding="UTF-8"?>
<testng-results skipped="0" failed="0" ignored="0" total="1" passed="1">
  <reporter-output>
  </reporter-output>
  <suite name="Default suite" duration-ms="26697" started-at="2021-03-24T12:31:00Z" finished-at="2021-03-24T12:31:27Z">
    <groups>
    </groups>
    <test name="Default test" duration-ms="26697" started-at="2021-03-24T12:31:00Z" finished-at="2021-03-24T12:31:27Z">
      <class name="com.assignmentsdemo.tests.AllMovieTest">
        <test-method status="PASS" signature="setUp()[pri:0, instance:com.assignmentsdemo.tests.AllMovieTest@657c8ad9]" name="setUp" is-config="true" duration-ms="10955" started-at="2021-03-24T12:31:00Z" finished-at="2021-03-24T12:31:11Z">
          <reporter-output>
          </reporter-output>
        </test-method> <!-- setUp -->
        <test-method status="PASS" signature="allMovieTest()[pri:0, instance:com.assignmentsdemo.tests.AllMovieTest@657c8ad9]" name="allMovieTest" duration-ms="15015" started-at="2021-03-24T12:31:11Z" finished-at="2021-03-24T12:31:26Z">
          <reporter-output>
          </reporter-output>
        </test-method> <!-- allMovieTest -->
        <test-method status="PASS" signature="quiteDriver()[pri:0, instance:com.assignmentsdemo.tests.AllMovieTest@657c8ad9]" name="quiteDriver" is-config="true" duration-ms="712" started-at="2021-03-24T12:31:26Z" finished-at="2021-03-24T12:31:27Z">
          <reporter-output>
          </reporter-output>
        </test-method> <!-- quiteDriver -->
      </class> <!-- com.assignmentsdemo.tests.AllMovieTest -->
    </test> <!-- Default test -->
  </suite> <!-- Default suite -->
</testng-results>
